# JRE version: Java(TM) SE Runtime Environment (14.0.2+12) (build 14.0.2+12-46)
# Java VM: Java HotSpot(TM) 64-Bit Server VM (14.0.2+12-46, mixed mode, sharing, tiered, compressed oops, g1 gc, windows-amd64)
Heap:
 garbage-first heap   total 131072K, used 83146K [0x0000000081c00000, 0x0000000100000000)
  region size 1024K, 77 young (78848K), 3 survivors (3072K)
 Metaspace       used 12896K, capacity 13367K, committed 13568K, reserved 1060864K
  class space    used 1885K, capacity 2041K, committed 2048K, reserved 1048576K
GC Heap History (7 events):
Event: 0.587 GC heap before
{Heap before GC invocations=0 (full 0):
 garbage-first heap   total 131072K, used 13312K [0x0000000081c00000, 0x0000000100000000)
  region size 1024K, 13 young (13312K), 0 survivors (0K)
 Metaspace       used 2999K, capacity 4973K, committed 5120K, reserved 1056768K
  class space    used 273K, capacity 443K, committed 512K, reserved 1048576K
}
Event: 0.594 GC heap after
{Heap after GC invocations=1 (full 0):
 garbage-first heap   total 131072K, used 6202K [0x0000000081c00000, 0x0000000100000000)
  region size 1024K, 2 young (2048K), 2 survivors (2048K)
 Metaspace       used 2999K, capacity 4973K, committed 5120K, reserved 1056768K
  class space    used 273K, capacity 443K, committed 512K, reserved 1048576K
}
Event: 0.859 GC heap before
{Heap before GC invocations=1 (full 0):
 garbage-first heap   total 131072K, used 17466K [0x0000000081c00000, 0x0000000100000000)
  region size 1024K, 13 young (13312K), 2 survivors (2048K)
 Metaspace       used 4398K, capacity 5730K, committed 6016K, reserved 1056768K
  class space    used 432K, capacity 569K, committed 640K, reserved 1048576K
}
Event: 0.863 GC heap after
{Heap after GC invocations=2 (full 0):
 garbage-first heap   total 131072K, used 6727K [0x0000000081c00000, 0x0000000100000000)
  region size 1024K, 1 young (1024K), 1 survivors (1024K)
 Metaspace       used 4398K, capacity 5730K, committed 6016K, reserved 1056768K
  class space    used 432K, capacity 569K, committed 640K, reserved 1048576K
}
Event: 1.253 GC heap before
{Heap before GC invocations=2 (full 0):
 garbage-first heap   total 131072K, used 31303K [0x0000000081c00000, 0x0000000100000000)
  region size 1024K, 26 young (26624K), 1 survivors (1024K)
 Metaspace       used 6708K, capacity 7466K, committed 7680K, reserved 1056768K
  class space    used 778K, capacity 937K, committed 1024K, reserved 1048576K
}
Event: 1.256 GC heap after
{Heap after GC invocations=3 (full 0):
 garbage-first heap   total 131072K, used 7370K [0x0000000081c00000, 0x0000000100000000)
  region size 1024K, 2 young (2048K), 2 survivors (2048K)
 Metaspace       used 6708K, capacity 7466K, committed 7680K, reserved 1056768K
  class space    used 778K, capacity 937K, committed 1024K, reserved 1048576K
}
Event: 8318.187 GC heap before
{Heap before GC invocations=3 (full 0):
 garbage-first heap   total 131072K, used 83146K [0x0000000081c00000, 0x0000000100000000)
  region size 1024K, 76 young (77824K), 2 survivors (2048K)
 Metaspace       used 12896K, capacity 13367K, committed 13568K, reserved 1060864K
  class space    used 1885K, capacity 2041K, committed 2048K, reserved 1048576K
}

